<?xml version="1.0" encoding="UTF-8"?>
<!-- Generated by org.testng.reporters.JUnitReportReporter -->
<testsuite hostname="DESKTOP-ARS2CFE" failures="0" tests="1" name="test_Scripts.Medicine_TC_01" time="40.037" errors="0" timestamp="2022-11-30T14:38:01 IST" skipped="0">
  <testcase classname="test_Scripts.Medicine_TC_01" name="PharmEasy" time="40.037"/>
  <system-out/>
</testsuite> <!-- test_Scripts.Medicine_TC_01 -->
